<?xml version="1.0" encoding="UTF-8"?>
<!-- Generated by org.testng.reporters.JUnitXMLReporter -->
<testsuite ignored="0" hostname="GORANTLL1" failures="0" tests="4" name="GRP-Smoke" time="0.145" errors="0" timestamp="2022-03-16T14:54:18 IST">
  <testcase classname="com.testng.demo.GroupsMethod" name="test1" time="0.018"/>
  <testcase classname="com.testng.demo.GroupsMethod" name="test2" time="0.004"/>
  <testcase classname="com.testng.demo.GroupsMethod" name="test3" time="0.003"/>
  <testcase classname="com.testng.demo.GroupsMethod" name="test4" time="0.004"/>
</testsuite> <!-- GRP-Smoke -->
