<?xml version="1.0" encoding="UTF-8"?>
<!-- Generated by org.testng.reporters.JUnitXMLReporter -->
<testsuite ignored="2" hostname="GORANTLL1" failures="0" tests="4" name="GRP-sanity" time="0.267" errors="0" timestamp="2022-03-16T16:09:31 IST">
  <testcase classname="com.testng.demo.GroupsMethod" name="test1" time="0.024"/>
  <testcase classname="com.testng.demo.GroupsMethod" name="test3" time="0.016"/>
  <testcase classname="com.testng.demo.GroupsMethod" name="test4" time="0.016"/>
  <testcase classname="com.testng.demo.BeforeCLassAndBeforeGroup" name="test1" time="0.005"/>
  <testcase classname="com.testng.demo.GroupsMethod" name="test2" time="0.0">
    <ignored/>
  </testcase> <!-- test2 -->
  <testcase classname="com.testng.demo.BeforeCLassAndBeforeGroup" name="test2" time="0.0">
    <ignored/>
  </testcase> <!-- test2 -->
</testsuite> <!-- GRP-sanity -->
