<?xml version="1.0" encoding="UTF-8"?>
<!-- Generated by org.testng.reporters.JUnitXMLReporter -->
<testsuite ignored="3" hostname="GORANTLL1" failures="0" tests="1" name="GRP-Regresstion" time="0.146" errors="0" timestamp="2022-03-16T14:56:58 IST">
  <testcase classname="com.testng.demo.GroupsMethod" name="test2" time="0.022"/>
  <testcase classname="com.testng.demo.GroupsMethod" name="test3" time="0.0">
    <ignored/>
  </testcase> <!-- test3 -->
  <testcase classname="com.testng.demo.GroupsMethod" name="test1" time="0.0">
    <ignored/>
  </testcase> <!-- test1 -->
  <testcase classname="com.testng.demo.GroupsMethod" name="test4" time="0.0">
    <ignored/>
  </testcase> <!-- test4 -->
</testsuite> <!-- GRP-Regresstion -->
