<?xml version="1.0" encoding="UTF-8"?>
<!-- Generated by org.testng.reporters.JUnitXMLReporter -->
<testsuite ignored="0" hostname="GORANTLL1" failures="0" tests="4" name="Sanity" time="0.113" errors="0" timestamp="2022-03-16T16:30:48 IST">
  <testcase classname="com.testng.demo.GroupsMethod" name="test1" time="0.01"/>
  <testcase classname="com.testng.demo.GroupsMethod" name="test2" time="0.003"/>
  <testcase classname="com.testng.demo.GroupsMethod" name="test3" time="0.017"/>
  <testcase classname="com.testng.demo.GroupsMethod" name="test4" time="0.002"/>
</testsuite> <!-- Sanity -->
